<?xml version="1.0" encoding="UTF-8"?>
<testng-results ignored="0" total="1" passed="1" failed="0" skipped="0">
  <reporter-output>
  </reporter-output>
  <suite started-at="2023-04-20T21:25:17 EEST" name="Suite1" finished-at="2023-04-20T21:25:44 EEST" duration-ms="26932">
    <groups>
    </groups>
    <test started-at="2023-04-20T21:25:17 EEST" name="Login" finished-at="2023-04-20T21:25:44 EEST" duration-ms="26932">
      <class name="Tests.LoginTest">
        <test-method is-config="true" signature="setup(java.lang.String,java.lang.String)[pri:0, instance:Tests.LoginTest@6c80d78a]" started-at="2023-04-20T21:25:17 EEST" name="setup" finished-at="2023-04-20T21:25:35 EEST" duration-ms="18014" status="PASS">
          <params>
            <param index="0">
              <value>
                <![CDATA[chrome]]>
              </value>
            </param>
            <param index="1">
              <value>
                <![CDATA[http://keyfood.ro]]>
              </value>
            </param>
          </params>
          <reporter-output>
          </reporter-output>
        </test-method> <!-- setup -->
        <test-method signature="valiodLoginTest()[pri:0, instance:Tests.LoginTest@6c80d78a]" started-at="2023-04-20T21:25:35 EEST" name="valiodLoginTest" finished-at="2023-04-20T21:25:35 EEST" duration-ms="20" status="PASS">
          <reporter-output>
          </reporter-output>
        </test-method> <!-- valiodLoginTest -->
        <test-method is-config="true" signature="recordFailure(org.testng.ITestResult)[pri:0, instance:Tests.LoginTest@6c80d78a]" started-at="2023-04-20T21:25:35 EEST" name="recordFailure" finished-at="2023-04-20T21:25:35 EEST" duration-ms="6" status="PASS">
          <params>
            <param index="0">
              <value>
                <![CDATA[[TestResult name=valiodLoginTest status=SUCCESS method=LoginTest.valiodLoginTest()[pri:0, instance:Tests.LoginTest@6c80d78a] output={null}]]]>
              </value>
            </param>
          </params>
          <reporter-output>
          </reporter-output>
        </test-method> <!-- recordFailure -->
        <test-method is-config="true" signature="tearDown()[pri:0, instance:Tests.LoginTest@6c80d78a]" started-at="2023-04-20T21:25:35 EEST" name="tearDown" finished-at="2023-04-20T21:25:44 EEST" duration-ms="8795" status="PASS">
          <reporter-output>
          </reporter-output>
        </test-method> <!-- tearDown -->
      </class> <!-- Tests.LoginTest -->
    </test> <!-- Login -->
  </suite> <!-- Suite1 -->
</testng-results>
